[2021-07-08 02:00:00.396 +01:00] [INF] [31] Emby.Server.Implementations.ScheduledTasks.TaskManager: "DailyTrigger" fired for task: "Extract Chapter Images"
[2021-07-08 02:00:00.409 +01:00] [INF] [31] Emby.Server.Implementations.ScheduledTasks.TaskManager: Queuing task "ChapterImagesTask"
[2021-07-08 02:00:00.420 +01:00] [INF] [11] Emby.Server.Implementations.ScheduledTasks.TaskManager: Executing "Extract Chapter Images"
[2021-07-08 02:00:00.540 +01:00] [INF] [11] Emby.Server.Implementations.ScheduledTasks.TaskManager: "Extract Chapter Images" Completed after 0 minute(s) and 0 seconds
[2021-07-08 02:00:00.552 +01:00] [INF] [11] Emby.Server.Implementations.ScheduledTasks.TaskManager: ExecuteQueuedTasks
[2021-07-08 02:00:01.413 +01:00] [INF] [11] Emby.Server.Implementations.ScheduledTasks.TaskManager: Daily trigger for "Extract Chapter Images" set to fire at 07/09/2021 02:00, which is 23:59:58.5861741 from now.
[2021-07-08 02:30:20.212 +01:00] [INF] [77] Emby.Server.Implementations.ScheduledTasks.TaskManager: "IntervalTrigger" fired for task: "Scan Media Library"
[2021-07-08 02:30:20.220 +01:00] [INF] [77] Emby.Server.Implementations.ScheduledTasks.TaskManager: Queuing task "RefreshMediaLibraryTask"
[2021-07-08 02:30:20.222 +01:00] [INF] [26] Emby.Server.Implementations.ScheduledTasks.TaskManager: Executing "Scan Media Library"
[2021-07-08 02:30:20.242 +01:00] [INF] [26] Emby.Server.Implementations.Library.LibraryManager: Validating media library
[2021-07-08 02:30:33.770 +01:00] [ERR] [55] MediaBrowser.Providers.Manager.ProviderManager: IOException saving to "/config/jellyfin/data/metadata/People/J/Joss Whedon/folder.jpg". Will retry saving to "/config/jellyfin/data/metadata/library/2e/2e8b6831fd8d3f0a46d8946d9af3aa30/folder.jpg"
System.IO.IOException: The process cannot access the file '/config/jellyfin/data/metadata/People/J/Joss Whedon/folder.jpg' because it is being used by another process.
   at System.IO.FileStream.Init(FileMode mode, FileShare share, String originalPath)
   at System.IO.FileStream..ctor(String path, FileMode mode, FileAccess access, FileShare share, Int32 bufferSize, FileOptions options)
   at MediaBrowser.Providers.Manager.ImageSaver.SaveImageToLocation(Stream source, String path, CancellationToken cancellationToken)
   at MediaBrowser.Providers.Manager.ImageSaver.SaveImageToLocation(Stream source, String path, String retryPath, CancellationToken cancellationToken)
[2021-07-08 02:30:34.228 +01:00] [ERR] [32] Emby.Server.Implementations.Library.LibraryManager: Cannot compute blurhash for "/config/jellyfin/data/metadata/People/S/Stan Lee/folder.jpg"
System.NullReferenceException: Object reference not set to an instance of an object.
   at BlurHashSharp.SkiaSharp.BlurHashEncoder.Encode(Int32 xComponent, Int32 yComponent, String filename, Int32 maxWidth, Int32 maxHeight)
   at Jellyfin.Drawing.Skia.SkiaEncoder.GetImageBlurHash(Int32 xComp, Int32 yComp, String path)
   at Emby.Drawing.ImageProcessor.GetImageBlurHash(String path)
   at Emby.Server.Implementations.Library.LibraryManager.UpdateImagesAsync(BaseItem item, Boolean forceUpdate)
[2021-07-08 02:31:04.514 +01:00] [INF] [32] Emby.Drawing.ImageProcessor: Creating image collage and saving to "/config/jellyfin/cache/temp/6f9f4a9ec6794070ace19a9523abf2bc.png"
[2021-07-08 02:31:04.895 +01:00] [INF] [32] Emby.Drawing.ImageProcessor: Completed creation of image collage and saved to "/config/jellyfin/cache/temp/6f9f4a9ec6794070ace19a9523abf2bc.png"
[2021-07-08 02:31:05.001 +01:00] [INF] [55] Emby.Drawing.ImageProcessor: Creating image collage and saving to "/config/jellyfin/cache/temp/9b21972ad489449cb531f2fd0830391d.png"
[2021-07-08 02:31:05.429 +01:00] [INF] [55] Emby.Drawing.ImageProcessor: Completed creation of image collage and saved to "/config/jellyfin/cache/temp/9b21972ad489449cb531f2fd0830391d.png"
[2021-07-08 02:31:05.521 +01:00] [INF] [55] Emby.Drawing.ImageProcessor: Creating image collage and saving to "/config/jellyfin/cache/temp/19ef9387e53c4454bf3277fd012ec666.png"
[2021-07-08 02:31:05.974 +01:00] [INF] [55] Emby.Drawing.ImageProcessor: Completed creation of image collage and saved to "/config/jellyfin/cache/temp/19ef9387e53c4454bf3277fd012ec666.png"
[2021-07-08 02:31:06.058 +01:00] [INF] [26] Emby.Drawing.ImageProcessor: Creating image collage and saving to "/config/jellyfin/cache/temp/d285e598e27b42d58c3875c58c373d7f.png"
[2021-07-08 02:31:06.648 +01:00] [INF] [26] Emby.Drawing.ImageProcessor: Completed creation of image collage and saved to "/config/jellyfin/cache/temp/d285e598e27b42d58c3875c58c373d7f.png"
[2021-07-08 02:31:06.715 +01:00] [INF] [26] Emby.Drawing.ImageProcessor: Creating image collage and saving to "/config/jellyfin/cache/temp/ef8a4f3f564d46829de73986bd678f10.png"
[2021-07-08 02:31:07.189 +01:00] [INF] [26] Emby.Drawing.ImageProcessor: Completed creation of image collage and saved to "/config/jellyfin/cache/temp/ef8a4f3f564d46829de73986bd678f10.png"
[2021-07-08 02:31:07.273 +01:00] [INF] [26] Emby.Drawing.ImageProcessor: Creating image collage and saving to "/config/jellyfin/cache/temp/abf5b954862042219dac844567471786.png"
[2021-07-08 02:31:07.596 +01:00] [INF] [26] Emby.Drawing.ImageProcessor: Completed creation of image collage and saved to "/config/jellyfin/cache/temp/abf5b954862042219dac844567471786.png"
[2021-07-08 02:31:11.206 +01:00] [INF] [39] Emby.Server.Implementations.ScheduledTasks.TaskManager: "Scan Media Library" Completed after 0 minute(s) and 50 seconds
[2021-07-08 02:31:11.206 +01:00] [INF] [39] Emby.Server.Implementations.ScheduledTasks.TaskManager: ExecuteQueuedTasks
[2021-07-08 02:31:14.987 +01:00] [INF] [32] Emby.Server.Implementations.IO.LibraryMonitor: Watching directory /media/Video/Movies/4k
[2021-07-08 14:23:41.447 +01:00] [INF] [2] Main: Received a SIGTERM signal, shutting down
[2021-07-08 14:23:41.527 +01:00] [INF] [2] Emby.Server.Implementations.ApplicationHost: Disposing "CoreAppHost"
[2021-07-08 14:23:41.537 +01:00] [INF] [2] Emby.Server.Implementations.ApplicationHost: Disposing "EmbyTV"
[2021-07-08 14:23:41.563 +01:00] [INF] [2] Emby.Server.Implementations.ApplicationHost: Disposing "EntryPoint"
[2021-07-08 14:23:41.565 +01:00] [INF] [2] Emby.Server.Implementations.ApplicationHost: Disposing "LibraryMonitorStartup"
[2021-07-08 14:23:41.566 +01:00] [INF] [2] Emby.Server.Implementations.ApplicationHost: Disposing "ExternalPortForwarding"
[2021-07-08 14:23:41.570 +01:00] [INF] [2] Emby.Server.Implementations.EntryPoints.ExternalPortForwarding: Stopping NAT discovery
[2021-07-08 14:23:41.571 +01:00] [INF] [2] Emby.Server.Implementations.ApplicationHost: Disposing "LibraryChangedNotifier"
[2021-07-08 14:23:41.583 +01:00] [INF] [2] Emby.Server.Implementations.ApplicationHost: Disposing "RecordingNotifier"
[2021-07-08 14:23:41.592 +01:00] [INF] [2] Emby.Server.Implementations.ApplicationHost: Disposing "UdpServerEntryPoint"
[2021-07-08 14:23:41.612 +01:00] [INF] [2] Emby.Server.Implementations.ApplicationHost: Disposing "UserDataChangeNotifier"
[2021-07-08 14:23:41.617 +01:00] [INF] [2] Emby.Server.Implementations.ApplicationHost: Disposing "DlnaEntryPoint"
[2021-07-08 14:23:41.629 +01:00] [INF] [2] Emby.Dlna.Main.DlnaEntryPoint: Disposing SsdpDevicePublisher
[2021-07-08 14:23:41.754 +01:00] [INF] [2] Emby.Dlna.Main.DlnaEntryPoint: Disposing PlayToManager
[2021-07-08 14:23:41.770 +01:00] [INF] [2] Emby.Dlna.Main.DlnaEntryPoint: Disposing DeviceDiscovery
[2021-07-08 14:23:41.778 +01:00] [INF] [2] Emby.Dlna.Main.DlnaEntryPoint: Disposing SsdpCommunicationsServer
[2021-07-08 14:23:41.779 +01:00] [INF] [2] Emby.Dlna.Main.DlnaEntryPoint: "SsdpCommunicationsServer" disposing _BroadcastListenSocket
[2021-07-08 14:23:41.784 +01:00] [INF] [2] Emby.Dlna.Main.DlnaEntryPoint: "SsdpCommunicationsServer" Disposing 2 sendSockets
[2021-07-08 14:23:41.785 +01:00] [INF] [2] Emby.Dlna.Main.DlnaEntryPoint: "SsdpCommunicationsServer" disposing sendSocket from "0.0.0.0"
[2021-07-08 14:23:41.785 +01:00] [INF] [2] Emby.Dlna.Main.DlnaEntryPoint: "SsdpCommunicationsServer" disposing sendSocket from "172.30.33.22"
[2021-07-08 14:23:41.789 +01:00] [INF] [2] Emby.Server.Implementations.ApplicationHost: Disposing "NotificationEntryPoint"
[2021-07-08 14:23:41.813 +01:00] [INF] [2] Emby.Server.Implementations.ApplicationHost: Disposing "EntryPoint"
[2021-07-08 14:23:41.814 +01:00] [INF] [2] Emby.Server.Implementations.ApplicationHost: Disposing "DeviceAccessEntryPoint"
