[2021-07-07 13:30:16.614 +01:00] [INF] [4] Main: Jellyfin version: "10.7.6"
[2021-07-07 13:30:16.644 +01:00] [INF] [4] Main: Environment Variables: ["[JELLYFIN_DATA_DIR, /config/jellyfin/data]", "[JELLYFIN_LOG_DIR, /config/jellyfin/log]", "[JELLYFIN_CACHE_DIR, /config/jellyfin/cache]", "[JELLYFIN_CONFIG_DIR, /config/jellyfin]"]
[2021-07-07 13:30:16.647 +01:00] [INF] [4] Main: Arguments: ["/usr/lib/jellyfin/bin/jellyfin.dll", "--ffmpeg=/usr/lib/jellyfin-ffmpeg/ffmpeg", "--webdir=/usr/share/jellyfin/web"]
[2021-07-07 13:30:16.647 +01:00] [INF] [4] Main: Operating system: "Linux"
[2021-07-07 13:30:16.648 +01:00] [INF] [4] Main: Architecture: X64
[2021-07-07 13:30:16.649 +01:00] [INF] [4] Main: 64-Bit Process: True
[2021-07-07 13:30:16.649 +01:00] [INF] [4] Main: User Interactive: True
[2021-07-07 13:30:16.649 +01:00] [INF] [4] Main: Processor count: 4
[2021-07-07 13:30:16.649 +01:00] [INF] [4] Main: Program data path: "/config/jellyfin/data"
[2021-07-07 13:30:16.649 +01:00] [INF] [4] Main: Web resources path: "/usr/share/jellyfin/web"
[2021-07-07 13:30:16.649 +01:00] [INF] [4] Main: Application directory: "/usr/lib/jellyfin/bin/"
[2021-07-07 13:30:16.850 +01:00] [INF] [4] Emby.Server.Implementations.AppBase.BaseConfigurationManager: Setting cache path: "/config/jellyfin/cache"
[2021-07-07 13:30:16.911 +01:00] [INF] [4] Jellyfin.Networking.Manager.NetworkManager: Defined LAN addresses : "[127.0.0.1/8,10.0.0.0/8,172.16.0.0/12,192.168.0.0/16]"
[2021-07-07 13:30:16.912 +01:00] [INF] [4] Jellyfin.Networking.Manager.NetworkManager: Defined LAN exclusions : "[]"
[2021-07-07 13:30:16.912 +01:00] [INF] [4] Jellyfin.Networking.Manager.NetworkManager: Using LAN addresses: "[127.0.0.1/8,10.0.0.0/8,172.16.0.0/12,192.168.0.0/16]"
[2021-07-07 13:30:16.919 +01:00] [INF] [4] Jellyfin.Networking.Manager.NetworkManager: Using bind addresses: "[]"
[2021-07-07 13:30:16.919 +01:00] [INF] [4] Jellyfin.Networking.Manager.NetworkManager: Using bind exclusions: "[]"
[2021-07-07 13:30:16.941 +01:00] [INF] [4] Emby.Server.Implementations.ApplicationHost: Loading assemblies
[2021-07-07 13:30:19.290 +01:00] [INF] [4] Emby.Server.Implementations.AppBase.BaseConfigurationManager: Saving system configuration
[2021-07-07 13:30:19.291 +01:00] [INF] [4] Emby.Server.Implementations.AppBase.BaseConfigurationManager: Setting cache path: "/config/jellyfin/cache"
[2021-07-07 13:30:19.300 +01:00] [INF] [4] Emby.Server.Implementations.Plugins.PluginManager: Loaded plugin: "OMDb" "10.7.6.0"
[2021-07-07 13:30:19.301 +01:00] [INF] [4] Emby.Server.Implementations.Plugins.PluginManager: Loaded plugin: "MusicBrainz" "10.7.6.0"
[2021-07-07 13:30:19.301 +01:00] [INF] [4] Emby.Server.Implementations.Plugins.PluginManager: Loaded plugin: "AudioDB" "10.7.6.0"
[2021-07-07 13:30:19.377 +01:00] [INF] [4] Jellyfin.Server.Migrations.MigrationRunner: Marking all known migrations as applied because this is a fresh install
[2021-07-07 13:30:19.395 +01:00] [INF] [4] Jellyfin.Server.Migrations.MigrationRunner: Applying migration '"AddDefaultPluginRepository"'
[2021-07-07 13:30:19.396 +01:00] [INF] [4] Emby.Server.Implementations.AppBase.BaseConfigurationManager: Saving system configuration
[2021-07-07 13:30:19.396 +01:00] [INF] [4] Emby.Server.Implementations.AppBase.BaseConfigurationManager: Setting cache path: "/config/jellyfin/cache"
[2021-07-07 13:30:19.399 +01:00] [INF] [4] Jellyfin.Server.Migrations.MigrationRunner: Migration '"AddDefaultPluginRepository"' applied successfully
[2021-07-07 13:30:19.400 +01:00] [INF] [4] Jellyfin.Server.Migrations.MigrationRunner: Applying migration '"ReaddDefaultPluginRepository"'
[2021-07-07 13:30:19.400 +01:00] [INF] [4] Jellyfin.Server.Migrations.MigrationRunner: Migration '"ReaddDefaultPluginRepository"' applied successfully
[2021-07-07 13:30:19.401 +01:00] [INF] [4] Jellyfin.Server.Migrations.MigrationRunner: Applying migration '"AddPeopleQueryIndex"'
[2021-07-07 13:30:19.401 +01:00] [INF] [4] Jellyfin.Server.Migrations.Routines.AddPeopleQueryIndex: Creating index idx_TypedBaseItemsUserDataKeyType
[2021-07-07 13:30:19.424 +01:00] [INF] [4] Jellyfin.Server.Migrations.Routines.AddPeopleQueryIndex: Creating index idx_PeopleNameListOrder
[2021-07-07 13:30:19.446 +01:00] [INF] [4] Jellyfin.Server.Migrations.MigrationRunner: Migration '"AddPeopleQueryIndex"' applied successfully
[2021-07-07 13:30:19.456 +01:00] [INF] [4] Main: Kestrel listening on "Any IP4 Address"
[2021-07-07 13:30:19.735 +01:00] [WRN] [4] Microsoft.AspNetCore.DataProtection.Repositories.EphemeralXmlRepository: Using an in-memory repository. Keys will not be persisted to storage.
[2021-07-07 13:30:19.736 +01:00] [WRN] [4] Microsoft.AspNetCore.DataProtection.KeyManagement.XmlKeyManager: Neither user profile nor HKLM registry available. Using an ephemeral key repository. Protected data will be unavailable when application exits.
[2021-07-07 13:30:19.746 +01:00] [WRN] [4] Microsoft.AspNetCore.DataProtection.KeyManagement.XmlKeyManager: No XML encryptor configured. Key {60ed009f-82af-44d5-b7e9-cd5942e232c0} may be persisted to storage in unencrypted form.
[2021-07-07 13:30:19.779 +01:00] [INF] [4] Emby.Server.Implementations.ApplicationHost: Running startup tasks
[2021-07-07 13:30:19.812 +01:00] [INF] [4] Emby.Server.Implementations.ScheduledTasks.TaskManager: Daily trigger for "Extract Chapter Images" set to fire at 07/08/2021 02:00, which is 12:29:40.1877493 from now.
[2021-07-07 13:30:19.903 +01:00] [INF] [4] MediaBrowser.MediaEncoding.Encoder.MediaEncoder: Found ffmpeg version "4.3.1"
[2021-07-07 13:30:19.986 +01:00] [INF] [4] MediaBrowser.MediaEncoding.Encoder.MediaEncoder: Available "decoders": ["h264", "h264_qsv", "h264_cuvid", "hevc", "hevc_qsv", "hevc_cuvid", "mpeg2video", "mpeg2_qsv", "mpeg2_cuvid", "mpeg4", "mpeg4_cuvid", "msmpeg4", "vc1_qsv", "vc1_cuvid", "vp8_cuvid", "vp8_qsv", "vp9_cuvid", "vp9_qsv", "aac", "ac3", "flac", "mp3"]
[2021-07-07 13:30:20.028 +01:00] [INF] [4] MediaBrowser.MediaEncoding.Encoder.MediaEncoder: Available "encoders": ["libx264", "h264_amf", "h264_nvenc", "h264_qsv", "h264_v4l2m2m", "h264_vaapi", "libx265", "hevc_amf", "hevc_nvenc", "hevc_qsv", "hevc_vaapi", "mpeg4", "msmpeg4", "libvpx", "libvpx-vp9", "aac", "ac3", "flac", "libmp3lame", "libopus", "libvorbis", "srt"]
[2021-07-07 13:30:20.055 +01:00] [INF] [4] MediaBrowser.MediaEncoding.Encoder.MediaEncoder: Available hwaccel types: ["vdpau", "cuda", "vaapi", "qsv", "drm", "opencl"]
[2021-07-07 13:30:20.057 +01:00] [INF] [4] MediaBrowser.MediaEncoding.Encoder.MediaEncoder: FFmpeg: SetByArgument: "/usr/lib/jellyfin-ffmpeg/ffmpeg"
[2021-07-07 13:30:20.059 +01:00] [INF] [4] Emby.Server.Implementations.ApplicationHost: ServerId: "0dc0dce6cb3643058b220da2f24a5643"
[2021-07-07 13:30:20.189 +01:00] [INF] [12] Emby.Dlna.Main.DlnaEntryPoint: Registering publisher for "urn:schemas-upnp-org:device:MediaServer:1" on "172.30.33.22/23"
[2021-07-07 13:30:20.211 +01:00] [INF] [12] Emby.Server.Implementations.ApplicationHost: Executed all pre-startup entry points in 0:00:00.134015
[2021-07-07 13:30:20.211 +01:00] [INF] [12] Emby.Server.Implementations.ApplicationHost: Core startup complete
[2021-07-07 13:30:20.383 +01:00] [INF] [12] Emby.Server.Implementations.ApplicationHost: Executed all post-startup entry points in 0:00:00.1719625
[2021-07-07 13:30:20.384 +01:00] [INF] [12] Main: Startup complete 0:00:03.9522372
[2021-07-07 13:30:22.817 +01:00] [INF] [11] Emby.Server.Implementations.ScheduledTasks.TaskManager: "StartupTrigger" fired for task: "Update Plugins"
[2021-07-07 13:30:22.818 +01:00] [INF] [11] Emby.Server.Implementations.ScheduledTasks.TaskManager: Queuing task "PluginUpdateTask"
[2021-07-07 13:30:22.821 +01:00] [INF] [5] Emby.Server.Implementations.ScheduledTasks.TaskManager: Executing "Update Plugins"
[2021-07-07 13:30:23.524 +01:00] [INF] [5] Emby.Server.Implementations.ScheduledTasks.TaskManager: "Update Plugins" Completed after 0 minute(s) and 0 seconds
[2021-07-07 13:30:23.575 +01:00] [INF] [5] Emby.Server.Implementations.ScheduledTasks.TaskManager: ExecuteQueuedTasks
[2021-07-07 13:43:54.580 +01:00] [INF] [66] Emby.Server.Implementations.AppBase.BaseConfigurationManager: Saving system configuration
[2021-07-07 13:43:54.581 +01:00] [INF] [66] Emby.Server.Implementations.AppBase.BaseConfigurationManager: Setting cache path: "/config/jellyfin/cache"
[2021-07-07 13:43:54.582 +01:00] [INF] [68] Emby.Server.Implementations.EntryPoints.ExternalPortForwarding: Stopping NAT discovery
[2021-07-07 13:43:54.625 +01:00] [WRN] [68] Jellyfin.Server.Implementations.Users.UserManager: No users, creating one with username "abc"
[2021-07-07 14:30:19.809 +01:00] [INF] [56] Emby.Server.Implementations.ScheduledTasks.TaskManager: "IntervalTrigger" fired for task: "Download missing subtitles"
[2021-07-07 14:30:19.809 +01:00] [INF] [56] Emby.Server.Implementations.ScheduledTasks.TaskManager: Queuing task "SubtitleScheduledTask"
[2021-07-07 14:30:19.809 +01:00] [INF] [70] Emby.Server.Implementations.ScheduledTasks.TaskManager: Executing "Download missing subtitles"
[2021-07-07 14:30:19.823 +01:00] [INF] [56] Emby.Server.Implementations.ScheduledTasks.TaskManager: "IntervalTrigger" fired for task: "TasksRefreshChannels"
[2021-07-07 14:30:19.823 +01:00] [INF] [65] Emby.Server.Implementations.ScheduledTasks.TaskManager: "IntervalTrigger" fired for task: "Refresh Guide"
[2021-07-07 14:30:19.823 +01:00] [INF] [24] Emby.Server.Implementations.ScheduledTasks.TaskManager: "IntervalTrigger" fired for task: "Clean Log Directory"
[2021-07-07 14:30:19.823 +01:00] [INF] [56] Emby.Server.Implementations.ScheduledTasks.TaskManager: Queuing task "RefreshChannelsScheduledTask"
[2021-07-07 14:30:19.823 +01:00] [INF] [24] Emby.Server.Implementations.ScheduledTasks.TaskManager: Queuing task "DeleteLogFileTask"
[2021-07-07 14:30:19.823 +01:00] [INF] [56] Emby.Server.Implementations.ScheduledTasks.TaskManager: Executing "TasksRefreshChannels"
[2021-07-07 14:30:19.823 +01:00] [INF] [24] Emby.Server.Implementations.ScheduledTasks.TaskManager: Executing "Clean Log Directory"
[2021-07-07 14:30:19.828 +01:00] [INF] [70] Emby.Server.Implementations.ScheduledTasks.TaskManager: "Download missing subtitles" Completed after 0 minute(s) and 0 seconds
[2021-07-07 14:30:19.829 +01:00] [INF] [65] Emby.Server.Implementations.ScheduledTasks.TaskManager: Queuing task "RefreshChannelsScheduledTask"
[2021-07-07 14:30:19.829 +01:00] [INF] [55] Emby.Server.Implementations.ScheduledTasks.TaskManager: "IntervalTrigger" fired for task: "Clean Transcode Directory"
[2021-07-07 14:30:19.829 +01:00] [INF] [65] Emby.Server.Implementations.ScheduledTasks.TaskManager: Executing "Refresh Guide"
[2021-07-07 14:30:19.829 +01:00] [INF] [70] Emby.Server.Implementations.ScheduledTasks.TaskManager: ExecuteQueuedTasks
[2021-07-07 14:30:19.843 +01:00] [INF] [70] Emby.Server.Implementations.ScheduledTasks.TaskManager: "IntervalTrigger" fired for task: "Clean Cache Directory"
[2021-07-07 14:30:19.844 +01:00] [INF] [55] Emby.Server.Implementations.ScheduledTasks.TaskManager: Queuing task "DeleteTranscodeFileTask"
[2021-07-07 14:30:19.844 +01:00] [INF] [70] Emby.Server.Implementations.ScheduledTasks.TaskManager: Queuing task "DeleteCacheFileTask"
[2021-07-07 14:30:19.845 +01:00] [INF] [56] Emby.Server.Implementations.ScheduledTasks.TaskManager: "TasksRefreshChannels" Completed after 0 minute(s) and 0 seconds
[2021-07-07 14:30:19.846 +01:00] [INF] [56] Emby.Server.Implementations.ScheduledTasks.TaskManager: ExecuteQueuedTasks
[2021-07-07 14:30:19.846 +01:00] [INF] [24] Emby.Server.Implementations.ScheduledTasks.TaskManager: "Clean Log Directory" Completed after 0 minute(s) and 0 seconds
[2021-07-07 14:30:19.848 +01:00] [INF] [55] Emby.Server.Implementations.ScheduledTasks.TaskManager: Executing "Clean Transcode Directory"
[2021-07-07 14:30:19.848 +01:00] [INF] [70] Emby.Server.Implementations.ScheduledTasks.TaskManager: Executing "Clean Cache Directory"
[2021-07-07 14:30:19.849 +01:00] [INF] [24] Emby.Server.Implementations.ScheduledTasks.TaskManager: ExecuteQueuedTasks
[2021-07-07 14:30:19.864 +01:00] [INF] [24] Emby.Server.Implementations.ScheduledTasks.TaskManager: "IntervalTrigger" fired for task: "Scan Media Library"
[2021-07-07 14:30:19.864 +01:00] [INF] [24] Emby.Server.Implementations.ScheduledTasks.TaskManager: Queuing task "RefreshMediaLibraryTask"
[2021-07-07 14:30:19.865 +01:00] [INF] [55] Emby.Server.Implementations.ScheduledTasks.TaskManager: "Clean Transcode Directory" Completed after 0 minute(s) and 0 seconds
[2021-07-07 14:30:19.865 +01:00] [INF] [55] Emby.Server.Implementations.ScheduledTasks.TaskManager: ExecuteQueuedTasks
[2021-07-07 14:30:19.879 +01:00] [INF] [24] Emby.Server.Implementations.ScheduledTasks.TaskManager: Executing "Scan Media Library"
[2021-07-07 14:30:19.895 +01:00] [INF] [55] Emby.Server.Implementations.ScheduledTasks.TaskManager: "IntervalTrigger" fired for task: "Update Plugins"
[2021-07-07 14:30:19.896 +01:00] [INF] [55] Emby.Server.Implementations.ScheduledTasks.TaskManager: Queuing task "PluginUpdateTask"
[2021-07-07 14:30:19.896 +01:00] [INF] [55] Emby.Server.Implementations.ScheduledTasks.TaskManager: Executing "Update Plugins"
[2021-07-07 14:30:19.898 +01:00] [INF] [70] Emby.Server.Implementations.ScheduledTasks.TaskManager: "Clean Cache Directory" Completed after 0 minute(s) and 0 seconds
[2021-07-07 14:30:19.899 +01:00] [INF] [70] Emby.Server.Implementations.ScheduledTasks.TaskManager: ExecuteQueuedTasks
[2021-07-07 14:30:19.913 +01:00] [INF] [70] Emby.Server.Implementations.ScheduledTasks.TaskManager: "IntervalTrigger" fired for task: "Refresh People"
[2021-07-07 14:30:19.914 +01:00] [INF] [70] Emby.Server.Implementations.ScheduledTasks.TaskManager: Queuing task "PeopleValidationTask"
[2021-07-07 14:30:19.914 +01:00] [INF] [70] Emby.Server.Implementations.ScheduledTasks.TaskManager: Executing "Refresh People"
[2021-07-07 14:30:19.915 +01:00] [INF] [24] Emby.Server.Implementations.Library.LibraryManager: Validating media library
[2021-07-07 14:30:19.923 +01:00] [INF] [70] Emby.Server.Implementations.Library.LibraryManager: People validation complete
[2021-07-07 14:30:19.923 +01:00] [INF] [70] Emby.Server.Implementations.ScheduledTasks.TaskManager: "Refresh People" Completed after 0 minute(s) and 0 seconds
[2021-07-07 14:30:19.923 +01:00] [INF] [70] Emby.Server.Implementations.ScheduledTasks.TaskManager: ExecuteQueuedTasks
[2021-07-07 14:30:20.192 +01:00] [INF] [70] Emby.Server.Implementations.ScheduledTasks.TaskManager: "Scan Media Library" Completed after 0 minute(s) and 0 seconds
[2021-07-07 14:30:20.194 +01:00] [INF] [70] Emby.Server.Implementations.ScheduledTasks.TaskManager: ExecuteQueuedTasks
[2021-07-07 14:30:20.398 +01:00] [INF] [24] Emby.Server.Implementations.ScheduledTasks.TaskManager: "Update Plugins" Completed after 0 minute(s) and 0 seconds
[2021-07-07 14:30:20.399 +01:00] [INF] [24] Emby.Server.Implementations.ScheduledTasks.TaskManager: ExecuteQueuedTasks
[2021-07-07 14:30:23.037 +01:00] [INF] [24] Emby.Server.Implementations.LiveTv.LiveTvManager: Refreshing guide with 7 days of guide data
[2021-07-07 14:30:23.047 +01:00] [INF] [24] Emby.Server.Implementations.ScheduledTasks.TaskManager: "Refresh Guide" Completed after 0 minute(s) and 3 seconds
[2021-07-07 14:30:23.047 +01:00] [INF] [24] Emby.Server.Implementations.ScheduledTasks.TaskManager: ExecuteQueuedTasks
[2021-07-07 14:50:02.836 +01:00] [WRN] [62] Jellyfin.Server.Middleware.ResponseTimeMiddleware: Slow HTTP Response from "http://192.168.1.20:8096/Environment/DirectoryContents?includeDirectories=true&path=%2Fmedia" to "192.168.1.102" in 0:00:00.729028 with Status Code 200
[2021-07-07 14:50:08.553 +01:00] [WRN] [84] Jellyfin.Server.Middleware.ResponseTimeMiddleware: Slow HTTP Response from "http://192.168.1.20:8096/Environment/DirectoryContents?includeDirectories=true&path=%2Fmedia%2FVideo%2FMovies" to "192.168.1.102" in 0:00:00.6773792 with Status Code 200
[2021-07-07 14:50:11.891 +01:00] [WRN] [84] Jellyfin.Server.Middleware.ResponseTimeMiddleware: Slow HTTP Response from "http://192.168.1.20:8096/Environment/DirectoryContents?includeDirectories=true&path=%2Fmedia%2FVideo%2FMovies%2F4k" to "192.168.1.102" in 0:00:01.3978229 with Status Code 200
[2021-07-07 14:51:49.809 +01:00] [WRN] [94] Jellyfin.Server.Middleware.ResponseTimeMiddleware: Slow HTTP Response from "http://192.168.1.20:8096/Library/VirtualFolders?collectionType=movies&refreshLibrary=false&name=Movies%20-%204K" to "192.168.1.102" in 0:00:01.3566102 with Status Code 204
[2021-07-07 15:30:20.833 +01:00] [INF] [76] Emby.Server.Implementations.ScheduledTasks.TaskManager: "IntervalTrigger" fired for task: "Refresh Guide"
[2021-07-07 15:30:20.833 +01:00] [INF] [76] Emby.Server.Implementations.ScheduledTasks.TaskManager: Queuing task "RefreshChannelsScheduledTask"
[2021-07-07 15:30:20.834 +01:00] [INF] [76] Emby.Server.Implementations.ScheduledTasks.TaskManager: Executing "Refresh Guide"
[2021-07-07 15:30:23.837 +01:00] [INF] [76] Emby.Server.Implementations.LiveTv.LiveTvManager: Refreshing guide with 7 days of guide data
[2021-07-07 15:30:23.837 +01:00] [INF] [76] Emby.Server.Implementations.ScheduledTasks.TaskManager: "Refresh Guide" Completed after 0 minute(s) and 3 seconds
[2021-07-07 15:30:23.838 +01:00] [INF] [76] Emby.Server.Implementations.ScheduledTasks.TaskManager: ExecuteQueuedTasks
