
Migration Started, 2023-05-17 04:42:08

Converting parameters, Source: config_ic3.yaml

Extracting parameters
-- devices: [{'device_name': 'repl_iphone_11', 'name': 'iPhone 11:Kev', 'email': 'itunes@kevinthorn.com', 'track_from_zone': 'context_security'}, {'device_name': "Julia's_iPhone_6", 'name': 'iPhone 8:Ju', 'email': 'julia_mailbox@kevinthorn.com', 'track_from_zone': 'tudor_hall_school', 'iosapp_installed': False}, {'device_name': 'iPhone', 'name': 'iPhone 12:Dan', 'email': 'dan_thorn@icloud.com', 'track_from_zone': 'dan_uni_accomodation', 'iosapp_installed': False}, {'device_name': 'Patrice', 'name': 'iPhone 13:Emily', 'email': 'emily_thorn@icloud.com', 'track_from_zone': 'bloxham_school', 'iosapp_installed': False}, {'device_name': "Kevin's_MacBook_Pro_(2)", 'name': 'MacBook Pro 2018:Kev', 'email': 'itunes@kevinthorn.com', 'iosapp_installed': False}, {'device_name': "Emily's_AirPods", 'name': 'AirPods:Emily', 'email': 'emily_thorn@icloud.com', 'iosapp_installed': False}, {'device_name': 'Emilys_iPad_Air_4th_gen', 'name': 'iPad Air:Emily', 'email': 'emily_thorn@icloud.com', 'iosapp_installed': False}]
Extracted device: repl_iphone_11
    -- device_name: repl_iphone_11
    -- name: iPhone 11:Kev
    -- email: itunes@kevinthorn.com
    -- track_from_zone: context_security
Extracted device: julia_s_iphone_6
    -- device_name: Julia's_iPhone_6
    -- name: iPhone 8:Ju
    -- email: julia_mailbox@kevinthorn.com
    -- track_from_zone: tudor_hall_school
    -- iosapp_installed: False
Extracted device: iphone
    -- device_name: iPhone
    -- name: iPhone 12:Dan
    -- email: dan_thorn@icloud.com
    -- track_from_zone: dan_uni_accomodation
    -- iosapp_installed: False
Extracted device: patrice
    -- device_name: Patrice
    -- name: iPhone 13:Emily
    -- email: emily_thorn@icloud.com
    -- track_from_zone: bloxham_school
    -- iosapp_installed: False
Extracted device: kevin_s_macbook_pro_2
    -- device_name: Kevin's_MacBook_Pro_(2)
    -- name: MacBook Pro 2018:Kev
    -- email: itunes@kevinthorn.com
    -- iosapp_installed: False
Extracted device: emily_s_airpods
    -- device_name: Emily's_AirPods
    -- name: AirPods:Emily
    -- email: emily_thorn@icloud.com
    -- iosapp_installed: False
Extracted device: emilys_ipad_air_4th_gen
    -- device_name: Emilys_iPad_Air_4th_gen
    -- name: iPad Air:Emily
    -- email: emily_thorn@icloud.com
    -- iosapp_installed: False

Created iCloud3 configuration file: /config/.storage/icloud3/configuration

Migration Complete, Writing Configuration File
Profile
  -- version: 0
  -- ic3_version: 3.0.0b16c
  -- version_install_date: 2023-05-17 04:42:08
  -- config_update_date: 0000-00-00 00:00:00
  -- event_log_card_directory: www/custom_cards
  -- event_log_card_program: icloud3-event-log-card.js
Tracking
  -- encode_password: True
  -- setup_icloud_session_early: True
  -- data_source: icloud,iosapp
Devices
  -- ic3_devicename: repl_iphone_11
  -- fname: iPhone 11:Kev
  -- picture: None
  -- evlog_display_order: 0
  -- device_type: iphone
  -- inzone_interval: 120
  -- tracking_mode: inactive
  -- famshr_devicename: repl_iphone_11
  -- fmf_email: itunes@kevinthorn.com
  -- iosapp_device: Search: repl_iphone_11
  -- track_from_base_zone: home
  -- track_from_zones: ['context_security', 'home']
Devices
  -- ic3_devicename: julia_s_iphone_6
  -- fname: iPhone 8:Ju
  -- picture: None
  -- evlog_display_order: 0
  -- device_type: iphone
  -- inzone_interval: 120
  -- tracking_mode: inactive
  -- famshr_devicename: julia_s_iphone_6
  -- fmf_email: julia_mailbox@kevinthorn.com
  -- iosapp_device: None
  -- track_from_base_zone: home
  -- track_from_zones: ['tudor_hall_school', 'home']
Devices
  -- ic3_devicename: iphone
  -- fname: iPhone 12:Dan
  -- picture: None
  -- evlog_display_order: 0
  -- device_type: iphone
  -- inzone_interval: 120
  -- tracking_mode: inactive
  -- famshr_devicename: iphone
  -- fmf_email: dan_thorn@icloud.com
  -- iosapp_device: None
  -- track_from_base_zone: home
  -- track_from_zones: ['dan_uni_accomodation', 'home']
Devices
  -- ic3_devicename: patrice
  -- fname: iPhone 13:Emily
  -- picture: None
  -- evlog_display_order: 0
  -- device_type: other
  -- inzone_interval: 120
  -- tracking_mode: inactive
  -- famshr_devicename: patrice
  -- fmf_email: emily_thorn@icloud.com
  -- iosapp_device: None
  -- track_from_base_zone: home
  -- track_from_zones: ['bloxham_school', 'home']
Devices
  -- ic3_devicename: kevin_s_macbook_pro_2
  -- fname: MacBook Pro 2018:Kev
  -- picture: None
  -- evlog_display_order: 0
  -- device_type: other
  -- inzone_interval: 120
  -- tracking_mode: inactive
  -- famshr_devicename: kevin_s_macbook_pro_2
  -- fmf_email: itunes@kevinthorn.com
  -- iosapp_device: None
  -- track_from_base_zone: home
  -- track_from_zones: ['home']
Devices
  -- ic3_devicename: emily_s_airpods
  -- fname: AirPods:Emily
  -- picture: None
  -- evlog_display_order: 0
  -- device_type: airpods
  -- inzone_interval: 120
  -- tracking_mode: inactive
  -- famshr_devicename: emily_s_airpods
  -- fmf_email: emily_thorn@icloud.com
  -- iosapp_device: None
  -- track_from_base_zone: home
  -- track_from_zones: ['home']
Devices
  -- ic3_devicename: emilys_ipad_air_4th_gen
  -- fname: iPad Air:Emily
  -- picture: None
  -- evlog_display_order: 0
  -- device_type: ipad
  -- inzone_interval: 120
  -- tracking_mode: inactive
  -- famshr_devicename: emilys_ipad_air_4th_gen
  -- fmf_email: emily_thorn@icloud.com
  -- iosapp_device: None
  -- track_from_base_zone: home
  -- track_from_zones: ['home']
General
  -- log_level: info
  -- unit_of_measurement: mi
  -- time_format: 12-hour
  -- display_zone_format: fname
  -- max_interval: 240.0
  -- offline_interval: 20
  -- exit_zone_interval: 3
  -- iosapp_alive_interval: 60
  -- old_location_threshold: 3.0
  -- old_location_adjustment: 0
  -- gps_accuracy_threshold: 100
  -- travel_time_factor: 0.6
  -- tfz_tracking_max_distance: 8
  -- passthru_zone_time: 0.5
  -- track_from_base_zone: home
  -- track_from_home_zone: True
  -- center_in_zone: False
  -- discard_poor_gps_inzone: False
  -- distance_between_devices: True
  -- inzone_intervals: {'iphone': 120, 'ipad': 120, 'watch': 15, 'airpods': 15, 'no_iosapp': 15, 'other': 120}
  -- waze_used: True
  -- waze_region: us
  -- waze_min_distance: 1
  -- waze_max_distance: 1000
  -- waze_realtime: False
  -- waze_history_database_used: True
  -- waze_history_max_distance: 20
  -- waze_history_track_direction: north_south
  -- stat_zone_fname: StatZon#
  -- stat_zone_still_time: 8.0
  -- stat_zone_inzone_interval: 30.0
  -- stat_zone_base_latitude: 1
  -- stat_zone_base_longitude: 0
  -- display_text_as: ['#1', '#2', '#3', '#4', '#5', '#6', '#7', '#8', '#9', '#10']
Sensors
  -- monitored_devices: ['md_badge', 'md_battery']
  -- device: ['name', 'badge', 'battery', 'info']
  -- tracking_update: ['interval', 'last_located', 'last_update', 'next_update']
  -- tracking_time: ['travel_time', 'travel_time_min']
  -- tracking_distance: ['home_distance', 'zone_distance', 'moved_distance', 'dir_of_travel']
  -- track_from_zones: ['tfz_zone_info']
  -- tracking_other: []
  -- zone: ['zone_name']
  -- other: []
  -- excluded_sensors: ['None']
